<?xml version="1.0" encoding="UTF-8" standalone="yes"?><!DOCTYPE report PUBLIC "-//JACOCO//DTD Report 1.1//EN"
        "report.dtd">
<report name="testing">
    <sessioninfo id="cheikh-6b232ae3" start="1575446053336" dump="1575446058633"/>
    <package name="my/upm/emma/testing">
        <class name="my/upm/emma/testing/UploadController" sourcefilename="UploadController.java">
            <method name="&lt;init&gt;" desc="()V" line="36">
                <counter type="INSTRUCTION" missed="36" covered="0"/>
                <counter type="LINE" missed="5" covered="0"/>
                <counter type="COMPLEXITY" missed="1" covered="0"/>
                <counter type="METHOD" missed="1" covered="0"/>
            </method>
            <method name="handleFileUpload"
                    desc="(Lorg/springframework/web/multipart/MultipartFile;)Lorg/springframework/http/ResponseEntity;"
                    line="56">
                <counter type="INSTRUCTION" missed="63" covered="0"/>
                <counter type="LINE" missed="11" covered="0"/>
                <counter type="COMPLEXITY" missed="1" covered="0"/>
                <counter type="METHOD" missed="1" covered="0"/>
            </method>
            <method name="getTestStatus" desc="()Lorg/springframework/http/ResponseEntity;" line="78">
                <counter type="INSTRUCTION" missed="70" covered="0"/>
                <counter type="BRANCH" missed="2" covered="0"/>
                <counter type="LINE" missed="10" covered="0"/>
                <counter type="COMPLEXITY" missed="2" covered="0"/>
                <counter type="METHOD" missed="1" covered="0"/>
            </method>
            <method name="test" desc="()Lorg/springframework/http/ResponseEntity;" line="99">
                <counter type="INSTRUCTION" missed="5" covered="0"/>
                <counter type="LINE" missed="1" covered="0"/>
                <counter type="COMPLEXITY" missed="1" covered="0"/>
                <counter type="METHOD" missed="1" covered="0"/>
            </method>
            <method name="getOptions" desc="(Ljava/lang/Object;)Lorg/springframework/http/ResponseEntity;" line="107">
                <counter type="INSTRUCTION" missed="79" covered="0"/>
                <counter type="BRANCH" missed="2" covered="0"/>
                <counter type="LINE" missed="20" covered="0"/>
                <counter type="COMPLEXITY" missed="2" covered="0"/>
                <counter type="METHOD" missed="1" covered="0"/>
            </method>
            <method name="runTest" desc="()Ljava/lang/String;" line="155">
                <counter type="INSTRUCTION" missed="67" covered="0"/>
                <counter type="BRANCH" missed="2" covered="0"/>
                <counter type="LINE" missed="15" covered="0"/>
                <counter type="COMPLEXITY" missed="2" covered="0"/>
                <counter type="METHOD" missed="1" covered="0"/>
            </method>
            <method name="readXml" desc="()V" line="190">
                <counter type="INSTRUCTION" missed="336" covered="0"/>
                <counter type="BRANCH" missed="20" covered="0"/>
                <counter type="LINE" missed="56" covered="0"/>
                <counter type="COMPLEXITY" missed="11" covered="0"/>
                <counter type="METHOD" missed="1" covered="0"/>
            </method>
            <method name="&lt;clinit&gt;" desc="()V" line="46">
                <counter type="INSTRUCTION" missed="5" covered="0"/>
                <counter type="LINE" missed="1" covered="0"/>
                <counter type="COMPLEXITY" missed="1" covered="0"/>
                <counter type="METHOD" missed="1" covered="0"/>
            </method>
            <counter type="INSTRUCTION" missed="661" covered="0"/>
            <counter type="BRANCH" missed="26" covered="0"/>
            <counter type="LINE" missed="119" covered="0"/>
            <counter type="COMPLEXITY" missed="21" covered="0"/>
            <counter type="METHOD" missed="8" covered="0"/>
            <counter type="CLASS" missed="1" covered="0"/>
        </class>
        <class name="my/upm/emma/testing/StorageService" sourcefilename="StorageService.java">
            <method name="&lt;init&gt;" desc="()V" line="22">
                <counter type="INSTRUCTION" missed="21" covered="0"/>
                <counter type="LINE" missed="5" covered="0"/>
                <counter type="COMPLEXITY" missed="1" covered="0"/>
                <counter type="METHOD" missed="1" covered="0"/>
            </method>
            <method name="store" desc="(Lorg/springframework/web/multipart/MultipartFile;)V" line="31">
                <counter type="INSTRUCTION" missed="48" covered="0"/>
                <counter type="BRANCH" missed="2" covered="0"/>
                <counter type="LINE" missed="8" covered="0"/>
                <counter type="COMPLEXITY" missed="2" covered="0"/>
                <counter type="METHOD" missed="1" covered="0"/>
            </method>
            <method name="loadFile" desc="(Ljava/lang/String;)Lorg/springframework/core/io/Resource;" line="46">
                <counter type="INSTRUCTION" missed="30" covered="0"/>
                <counter type="BRANCH" missed="4" covered="0"/>
                <counter type="LINE" missed="7" covered="0"/>
                <counter type="COMPLEXITY" missed="3" covered="0"/>
                <counter type="METHOD" missed="1" covered="0"/>
            </method>
            <method name="deleteAll" desc="()V" line="60">
                <counter type="INSTRUCTION" missed="11" covered="0"/>
                <counter type="LINE" missed="3" covered="0"/>
                <counter type="COMPLEXITY" missed="1" covered="0"/>
                <counter type="METHOD" missed="1" covered="0"/>
            </method>
            <method name="init" desc="()V" line="66">
                <counter type="INSTRUCTION" missed="20" covered="0"/>
                <counter type="LINE" missed="6" covered="0"/>
                <counter type="COMPLEXITY" missed="1" covered="0"/>
                <counter type="METHOD" missed="1" covered="0"/>
            </method>
            <counter type="INSTRUCTION" missed="130" covered="0"/>
            <counter type="BRANCH" missed="6" covered="0"/>
            <counter type="LINE" missed="29" covered="0"/>
            <counter type="COMPLEXITY" missed="8" covered="0"/>
            <counter type="METHOD" missed="5" covered="0"/>
            <counter type="CLASS" missed="1" covered="0"/>
        </class>
        <class name="my/upm/emma/testing/UploadController$1" sourcefilename="UploadController.java">
            <method name="&lt;init&gt;" desc="(Lmy/upm/emma/testing/UploadController;)V" line="130">
                <counter type="INSTRUCTION" missed="6" covered="0"/>
                <counter type="LINE" missed="1" covered="0"/>
                <counter type="COMPLEXITY" missed="1" covered="0"/>
                <counter type="METHOD" missed="1" covered="0"/>
            </method>
            <method name="run" desc="()V" line="134">
                <counter type="INSTRUCTION" missed="8" covered="0"/>
                <counter type="LINE" missed="3" covered="0"/>
                <counter type="COMPLEXITY" missed="1" covered="0"/>
                <counter type="METHOD" missed="1" covered="0"/>
            </method>
            <counter type="INSTRUCTION" missed="14" covered="0"/>
            <counter type="LINE" missed="4" covered="0"/>
            <counter type="COMPLEXITY" missed="2" covered="0"/>
            <counter type="METHOD" missed="2" covered="0"/>
            <counter type="CLASS" missed="1" covered="0"/>
        </class>
        <class name="my/upm/emma/testing/User" sourcefilename="User.java">
            <method name="&lt;init&gt;" desc="()V" line="3">
                <counter type="INSTRUCTION" missed="3" covered="0"/>
                <counter type="LINE" missed="1" covered="0"/>
                <counter type="COMPLEXITY" missed="1" covered="0"/>
                <counter type="METHOD" missed="1" covered="0"/>
            </method>
            <counter type="INSTRUCTION" missed="3" covered="0"/>
            <counter type="LINE" missed="1" covered="0"/>
            <counter type="COMPLEXITY" missed="1" covered="0"/>
            <counter type="METHOD" missed="1" covered="0"/>
            <counter type="CLASS" missed="1" covered="0"/>
        </class>
        <class name="my/upm/emma/testing/TestingApplication" sourcefilename="TestingApplication.java">
            <method name="&lt;init&gt;" desc="()V" line="13">
                <counter type="INSTRUCTION" missed="3" covered="0"/>
                <counter type="LINE" missed="1" covered="0"/>
                <counter type="COMPLEXITY" missed="1" covered="0"/>
                <counter type="METHOD" missed="1" covered="0"/>
            </method>
            <method name="main" desc="([Ljava/lang/String;)V" line="18">
                <counter type="INSTRUCTION" missed="5" covered="0"/>
                <counter type="LINE" missed="2" covered="0"/>
                <counter type="COMPLEXITY" missed="1" covered="0"/>
                <counter type="METHOD" missed="1" covered="0"/>
            </method>
            <method name="run" desc="([Ljava/lang/String;)V" line="23">
                <counter type="INSTRUCTION" missed="7" covered="0"/>
                <counter type="LINE" missed="3" covered="0"/>
                <counter type="COMPLEXITY" missed="1" covered="0"/>
                <counter type="METHOD" missed="1" covered="0"/>
            </method>
            <counter type="INSTRUCTION" missed="15" covered="0"/>
            <counter type="LINE" missed="6" covered="0"/>
            <counter type="COMPLEXITY" missed="3" covered="0"/>
            <counter type="METHOD" missed="3" covered="0"/>
            <counter type="CLASS" missed="1" covered="0"/>
        </class>
        <class name="my/upm/emma/testing/Config" sourcefilename="Config.java">
            <method name="&lt;init&gt;" desc="()V" line="7">
                <counter type="INSTRUCTION" missed="3" covered="0"/>
                <counter type="LINE" missed="1" covered="0"/>
                <counter type="COMPLEXITY" missed="1" covered="0"/>
                <counter type="METHOD" missed="1" covered="0"/>
            </method>
            <counter type="INSTRUCTION" missed="3" covered="0"/>
            <counter type="LINE" missed="1" covered="0"/>
            <counter type="COMPLEXITY" missed="1" covered="0"/>
            <counter type="METHOD" missed="1" covered="0"/>
            <counter type="CLASS" missed="1" covered="0"/>
        </class>
        <class name="my/upm/emma/testing/GetResult" sourcefilename="GetResult.java">
            <method name="&lt;init&gt;" desc="()V" line="16">
                <counter type="INSTRUCTION" missed="3" covered="0"/>
                <counter type="LINE" missed="1" covered="0"/>
                <counter type="COMPLEXITY" missed="1" covered="0"/>
                <counter type="METHOD" missed="1" covered="0"/>
            </method>
            <method name="gettestingresult" desc="()Lorg/springframework/http/ResponseEntity;" line="21">
                <counter type="INSTRUCTION" missed="19" covered="0"/>
                <counter type="LINE" missed="3" covered="0"/>
                <counter type="COMPLEXITY" missed="1" covered="0"/>
                <counter type="METHOD" missed="1" covered="0"/>
            </method>
            <method name="&lt;clinit&gt;" desc="()V" line="17">
                <counter type="INSTRUCTION" missed="3" covered="0"/>
                <counter type="LINE" missed="1" covered="0"/>
                <counter type="COMPLEXITY" missed="1" covered="0"/>
                <counter type="METHOD" missed="1" covered="0"/>
            </method>
            <counter type="INSTRUCTION" missed="25" covered="0"/>
            <counter type="LINE" missed="5" covered="0"/>
            <counter type="COMPLEXITY" missed="3" covered="0"/>
            <counter type="METHOD" missed="3" covered="0"/>
            <counter type="CLASS" missed="1" covered="0"/>
        </class>
        <sourcefile name="GetResult.java">
            <line nr="16" mi="3" ci="0" mb="0" cb="0"/>
            <line nr="17" mi="3" ci="0" mb="0" cb="0"/>
            <line nr="21" mi="4" ci="0" mb="0" cb="0"/>
            <line nr="22" mi="10" ci="0" mb="0" cb="0"/>
            <line nr="23" mi="5" ci="0" mb="0" cb="0"/>
            <counter type="INSTRUCTION" missed="25" covered="0"/>
            <counter type="LINE" missed="5" covered="0"/>
            <counter type="COMPLEXITY" missed="3" covered="0"/>
            <counter type="METHOD" missed="3" covered="0"/>
            <counter type="CLASS" missed="1" covered="0"/>
        </sourcefile>
        <sourcefile name="StorageService.java">
            <line nr="22" mi="6" ci="0" mb="0" cb="0"/>
            <line nr="23" mi="6" ci="0" mb="0" cb="0"/>
            <line nr="24" mi="6" ci="0" mb="0" cb="0"/>
            <line nr="26" mi="2" ci="0" mb="0" cb="0"/>
            <line nr="27" mi="1" ci="0" mb="0" cb="0"/>
            <line nr="31" mi="7" ci="0" mb="2" cb="0"/>
            <line nr="32" mi="12" ci="0" mb="0" cb="0"/>
            <line nr="34" mi="11" ci="0" mb="0" cb="0"/>
            <line nr="37" mi="1" ci="0" mb="0" cb="0"/>
            <line nr="38" mi="3" ci="0" mb="0" cb="0"/>
            <line nr="39" mi="12" ci="0" mb="0" cb="0"/>
            <line nr="41" mi="1" ci="0" mb="0" cb="0"/>
            <line nr="42" mi="1" ci="0" mb="0" cb="0"/>
            <line nr="46" mi="5" ci="0" mb="0" cb="0"/>
            <line nr="47" mi="6" ci="0" mb="0" cb="0"/>
            <line nr="48" mi="6" ci="0" mb="4" cb="0"/>
            <line nr="49" mi="2" ci="0" mb="0" cb="0"/>
            <line nr="51" mi="5" ci="0" mb="0" cb="0"/>
            <line nr="54" mi="1" ci="0" mb="0" cb="0"/>
            <line nr="55" mi="5" ci="0" mb="0" cb="0"/>
            <line nr="60" mi="5" ci="0" mb="0" cb="0"/>
            <line nr="61" mi="5" ci="0" mb="0" cb="0"/>
            <line nr="62" mi="1" ci="0" mb="0" cb="0"/>
            <line nr="66" mi="6" ci="0" mb="0" cb="0"/>
            <line nr="67" mi="6" ci="0" mb="0" cb="0"/>
            <line nr="68" mi="1" ci="0" mb="0" cb="0"/>
            <line nr="69" mi="5" ci="0" mb="0" cb="0"/>
            <line nr="70" mi="1" ci="0" mb="0" cb="0"/>
            <line nr="71" mi="1" ci="0" mb="0" cb="0"/>
            <counter type="INSTRUCTION" missed="130" covered="0"/>
            <counter type="BRANCH" missed="6" covered="0"/>
            <counter type="LINE" missed="29" covered="0"/>
            <counter type="COMPLEXITY" missed="8" covered="0"/>
            <counter type="METHOD" missed="5" covered="0"/>
            <counter type="CLASS" missed="1" covered="0"/>
        </sourcefile>
        <sourcefile name="Config.java">
            <line nr="7" mi="3" ci="0" mb="0" cb="0"/>
            <counter type="INSTRUCTION" missed="3" covered="0"/>
            <counter type="LINE" missed="1" covered="0"/>
            <counter type="COMPLEXITY" missed="1" covered="0"/>
            <counter type="METHOD" missed="1" covered="0"/>
            <counter type="CLASS" missed="1" covered="0"/>
        </sourcefile>
        <sourcefile name="UploadController.java">
            <line nr="36" mi="2" ci="0" mb="0" cb="0"/>
            <line nr="37" mi="3" ci="0" mb="0" cb="0"/>
            <line nr="43" mi="20" ci="0" mb="0" cb="0"/>
            <line nr="44" mi="5" ci="0" mb="0" cb="0"/>
            <line nr="45" mi="6" ci="0" mb="0" cb="0"/>
            <line nr="46" mi="5" ci="0" mb="0" cb="0"/>
            <line nr="56" mi="2" ci="0" mb="0" cb="0"/>
            <line nr="58" mi="4" ci="0" mb="0" cb="0"/>
            <line nr="59" mi="6" ci="0" mb="0" cb="0"/>
            <line nr="60" mi="6" ci="0" mb="0" cb="0"/>
            <line nr="62" mi="12" ci="0" mb="0" cb="0"/>
            <line nr="63" mi="5" ci="0" mb="0" cb="0"/>
            <line nr="64" mi="1" ci="0" mb="0" cb="0"/>
            <line nr="65" mi="12" ci="0" mb="0" cb="0"/>
            <line nr="66" mi="6" ci="0" mb="0" cb="0"/>
            <line nr="67" mi="4" ci="0" mb="0" cb="0"/>
            <line nr="68" mi="5" ci="0" mb="0" cb="0"/>
            <line nr="78" mi="4" ci="0" mb="0" cb="0"/>
            <line nr="80" mi="5" ci="0" mb="0" cb="0"/>
            <line nr="82" mi="6" ci="0" mb="0" cb="0"/>
            <line nr="83" mi="11" ci="0" mb="0" cb="0"/>
            <line nr="84" mi="4" ci="0" mb="0" cb="0"/>
            <line nr="85" mi="4" ci="0" mb="0" cb="0"/>
            <line nr="86" mi="11" ci="0" mb="2" cb="0"/>
            <line nr="87" mi="17" ci="0" mb="0" cb="0"/>
            <line nr="88" mi="1" ci="0" mb="0" cb="0"/>
            <line nr="89" mi="7" ci="0" mb="0" cb="0"/>
            <line nr="99" mi="5" ci="0" mb="0" cb="0"/>
            <line nr="107" mi="2" ci="0" mb="0" cb="0"/>
            <line nr="109" mi="4" ci="0" mb="0" cb="0"/>
            <line nr="112" mi="4" ci="0" mb="0" cb="0"/>
            <line nr="114" mi="3" ci="0" mb="0" cb="0"/>
            <line nr="116" mi="7" ci="0" mb="0" cb="0"/>
            <line nr="117" mi="5" ci="0" mb="0" cb="0"/>
            <line nr="119" mi="9" ci="0" mb="2" cb="0"/>
            <line nr="121" mi="5" ci="0" mb="0" cb="0"/>
            <line nr="122" mi="5" ci="0" mb="0" cb="0"/>
            <line nr="125" mi="1" ci="0" mb="0" cb="0"/>
            <line nr="126" mi="2" ci="0" mb="0" cb="0"/>
            <line nr="127" mi="1" ci="0" mb="0" cb="0"/>
            <line nr="130" mi="13" ci="0" mb="0" cb="0"/>
            <line nr="134" mi="4" ci="0" mb="0" cb="0"/>
            <line nr="135" mi="3" ci="0" mb="0" cb="0"/>
            <line nr="136" mi="1" ci="0" mb="0" cb="0"/>
            <line nr="137" mi="1" ci="0" mb="0" cb="0"/>
            <line nr="144" mi="5" ci="0" mb="0" cb="0"/>
            <line nr="146" mi="1" ci="0" mb="0" cb="0"/>
            <line nr="147" mi="2" ci="0" mb="0" cb="0"/>
            <line nr="148" mi="6" ci="0" mb="0" cb="0"/>
            <line nr="149" mi="4" ci="0" mb="0" cb="0"/>
            <line nr="150" mi="5" ci="0" mb="0" cb="0"/>
            <line nr="155" mi="6" ci="0" mb="0" cb="0"/>
            <line nr="157" mi="17" ci="0" mb="0" cb="0"/>
            <line nr="162" mi="3" ci="0" mb="0" cb="0"/>
            <line nr="164" mi="5" ci="0" mb="0" cb="0"/>
            <line nr="165" mi="4" ci="0" mb="0" cb="0"/>
            <line nr="168" mi="5" ci="0" mb="2" cb="0"/>
            <line nr="169" mi="4" ci="0" mb="0" cb="0"/>
            <line nr="172" mi="3" ci="0" mb="0" cb="0"/>
            <line nr="173" mi="10" ci="0" mb="0" cb="0"/>
            <line nr="175" mi="1" ci="0" mb="0" cb="0"/>
            <line nr="176" mi="2" ci="0" mb="0" cb="0"/>
            <line nr="177" mi="1" ci="0" mb="0" cb="0"/>
            <line nr="178" mi="2" ci="0" mb="0" cb="0"/>
            <line nr="179" mi="2" ci="0" mb="0" cb="0"/>
            <line nr="182" mi="2" ci="0" mb="0" cb="0"/>
            <line nr="190" mi="10" ci="0" mb="0" cb="0"/>
            <line nr="192" mi="2" ci="0" mb="0" cb="0"/>
            <line nr="194" mi="3" ci="0" mb="0" cb="0"/>
            <line nr="195" mi="4" ci="0" mb="0" cb="0"/>
            <line nr="196" mi="3" ci="0" mb="0" cb="0"/>
            <line nr="197" mi="4" ci="0" mb="0" cb="0"/>
            <line nr="198" mi="3" ci="0" mb="0" cb="0"/>
            <line nr="199" mi="12" ci="0" mb="0" cb="0"/>
            <line nr="200" mi="4" ci="0" mb="0" cb="0"/>
            <line nr="203" mi="8" ci="0" mb="2" cb="0"/>
            <line nr="205" mi="4" ci="0" mb="0" cb="0"/>
            <line nr="206" mi="11" ci="0" mb="0" cb="0"/>
            <line nr="208" mi="4" ci="0" mb="2" cb="0"/>
            <line nr="210" mi="14" ci="0" mb="0" cb="0"/>
            <line nr="212" mi="9" ci="0" mb="2" cb="0"/>
            <line nr="213" mi="15" ci="0" mb="0" cb="0"/>
            <line nr="214" mi="13" ci="0" mb="2" cb="0"/>
            <line nr="215" mi="3" ci="0" mb="0" cb="0"/>
            <line nr="216" mi="3" ci="0" mb="0" cb="0"/>
            <line nr="217" mi="3" ci="0" mb="0" cb="0"/>
            <line nr="218" mi="4" ci="0" mb="0" cb="0"/>
            <line nr="219" mi="2" ci="0" mb="0" cb="0"/>
            <line nr="220" mi="8" ci="0" mb="2" cb="0"/>
            <line nr="221" mi="4" ci="0" mb="0" cb="0"/>
            <line nr="222" mi="11" ci="0" mb="4" cb="0"/>
            <line nr="223" mi="3" ci="0" mb="0" cb="0"/>
            <line nr="225" mi="5" ci="0" mb="0" cb="0"/>
            <line nr="226" mi="9" ci="0" mb="2" cb="0"/>
            <line nr="227" mi="3" ci="0" mb="0" cb="0"/>
            <line nr="228" mi="5" ci="0" mb="0" cb="0"/>
            <line nr="229" mi="5" ci="0" mb="0" cb="0"/>
            <line nr="230" mi="10" ci="0" mb="0" cb="0"/>
            <line nr="231" mi="10" ci="0" mb="0" cb="0"/>
            <line nr="233" mi="13" ci="0" mb="4" cb="0"/>
            <line nr="234" mi="6" ci="0" mb="0" cb="0"/>
            <line nr="235" mi="10" ci="0" mb="0" cb="0"/>
            <line nr="238" mi="6" ci="0" mb="0" cb="0"/>
            <line nr="239" mi="10" ci="0" mb="0" cb="0"/>
            <line nr="240" mi="6" ci="0" mb="0" cb="0"/>
            <line nr="241" mi="14" ci="0" mb="0" cb="0"/>
            <line nr="243" mi="2" ci="0" mb="0" cb="0"/>
            <line nr="244" mi="5" ci="0" mb="0" cb="0"/>
            <line nr="255" mi="11" ci="0" mb="0" cb="0"/>
            <line nr="256" mi="5" ci="0" mb="0" cb="0"/>
            <line nr="258" mi="11" ci="0" mb="0" cb="0"/>
            <line nr="272" mi="3" ci="0" mb="0" c<!---->
            b="0"/>
            <line nr="273" mi="3" ci="0" mb="0" cb="0"/>
            <line nr="274" mi="4" ci="0" mb="0" cb="0"/>
            <line nr="279" mi="7" ci="0" mb="0" cb="0"/>
            <line nr="281" mi="1" ci="0" mb="0" cb="0"/>
            <line nr="282" mi="2" ci="0" mb="0" cb="0"/>
            <line nr="283" mi="1" ci="0" mb="0" cb="0"/>
            <line nr="286" mi="1" ci="0" mb="0" cb="0"/>
            <line nr="288" mi="2" ci="0" mb="0" cb="0"/>
            <line nr="290" mi="1" ci="0" mb="0" cb="0"/>
            <line nr="291" mi="1" ci="0" mb="0" cb="0"/>
            <counter type="INSTRUCTION" missed="675" covered="0"/>
            <counter type="BRANCH" missed="26" covered="0"/>
            <counter type="LINE" missed="122" covered="0"/>
            <counter type="COMPLEXITY" missed="23" covered="0"/>
            <counter type="METHOD" missed="10" covered="0"/>
            <counter type="CLASS" missed="2" covered="0"/>
        </sourcefile>
        <sourcefile name="TestingApplication.java">
            <line nr="13" mi="3" ci="0" mb="0" cb="0"/>
            <line nr="18" mi="4" ci="0" mb="0" cb="0"/>
            <line nr="20" mi="1" ci="0" mb="0" cb="0"/>
            <line nr="23" mi="3" ci="0" mb="0" cb="0"/>
            <line nr="24" mi="3" ci="0" mb="0" cb="0"/>
            <line nr="26" mi="1" ci="0" mb="0" cb="0"/>
            <counter type="INSTRUCTION" missed="15" covered="0"/>
            <counter type="LINE" missed="6" covered="0"/>
            <counter type="COMPLEXITY" missed="3" covered="0"/>
            <counter type="METHOD" missed="3" covered="0"/>
            <counter type="CLASS" missed="1" covered="0"/>
        </sourcefile>
        <sourcefile name="User.java">
            <line nr="3" mi="3" ci="0" mb="0" cb="0"/>
            <counter type="INSTRUCTION" missed="3" covered="0"/>
            <counter type="LINE" missed="1" covered="0"/>
            <counter type="COMPLEXITY" missed="1" covered="0"/>
            <counter type="METHOD" missed="1" covered="0"/>
            <counter type="CLASS" missed="1" covered="0"/>
        </sourcefile>
        <counter type="INSTRUCTION" missed="851" covered="0"/>
        <counter type="BRANCH" missed="32" covered="0"/>
        <counter type="LINE" missed="164" covered="0"/>
        <counter type="COMPLEXITY" missed="39" covered="0"/>
        <counter type="METHOD" missed="23" covered="0"/>
        <counter type="CLASS" missed="7" covered="0"/>
    </package>
    <package name="com/emma/upm">
        <class name="com/emma/upm/Circle" sourcefilename="Circle.java">
            <method name="&lt;init&gt;" desc="()V" line="16">
                <counter type="INSTRUCTION" missed="3" covered="0"/>
                <counter type="LINE" missed="1" covered="0"/>
                <counter type="COMPLEXITY" missed="1" covered="0"/>
                <counter type="METHOD" missed="1" covered="0"/>
            </method>
            <method name="main" desc="([Ljava/lang/String;)V" line="20">
                <counter type="INSTRUCTION" missed="7" covered="0"/>
                <counter type="LINE" missed="3" covered="0"/>
                <counter type="COMPLEXITY" missed="1" covered="0"/>
                <counter type="METHOD" missed="1" covered="0"/>
            </method>
            <method name="getDiameter" desc="()I" line="26">
                <counter type="INSTRUCTION" missed="3" covered="13"/>
                <counter type="BRANCH" missed="2" covered="2"/>
                <counter type="LINE" missed="1" covered="4"/>
                <counter type="COMPLEXITY" missed="2" covered="1"/>
                <counter type="METHOD" missed="0" covered="1"/>
            </method>
            <method name="readXml" desc="()V" line="48">
                <counter type="INSTRUCTION" missed="119" covered="0"/>
                <counter type="BRANCH" missed="8" covered="0"/>
                <counter type="LINE" missed="23" covered="0"/>
                <counter type="COMPLEXITY" missed="5" covered="0"/>
                <counter type="METHOD" missed="1" covered="0"/>
            </method>
            <method name="&lt;clinit&gt;" desc="()V" line="17">
                <counter type="INSTRUCTION" missed="0" covered="3"/>
                <counter type="LINE" missed="0" covered="1"/>
                <counter type="COMPLEXITY" missed="0" covered="1"/>
                <counter type="METHOD" missed="0" covered="1"/>
            </method>
            <counter type="INSTRUCTION" missed="132" covered="16"/>
            <counter type="BRANCH" missed="10" covered="2"/>
            <counter type="LINE" missed="28" covered="5"/>
            <counter type="COMPLEXITY" missed="9" covered="2"/>
            <counter type="METHOD" missed="3" covered="2"/>
            <counter type="CLASS" missed="0" covered="1"/>
        </class>
        <sourcefile name="Circle.java">
            <line nr="16" mi="3" ci="0" mb="0" cb="0"/>
            <line nr="17" mi="0" ci="3" mb="0" cb="0"/>
            <line nr="20" mi="4" ci="0" mb="0" cb="0"/>
            <line nr="21" mi="2" ci="0" mb="0" cb="0"/>
            <line nr="22" mi="1" ci="0" mb="0" cb="0"/>
            <line nr="26" mi="0" ci="4" mb="1" cb="1"/>
            <line nr="30" mi="2" ci="0" mb="0" cb="0"/>
            <line nr="33" mi="1" ci="3" mb="1" cb="1"/>
            <line nr="37" mi="0" ci="2" mb="0" cb="0"/>
            <line nr="39" mi="0" ci="4" mb="0" cb="0"/>
            <line nr="48" mi="12" ci="0" mb="0" cb="0"/>
            <line nr="50" mi="2" ci="0" mb="0" cb="0"/>
            <line nr="52" mi="3" ci="0" mb="0" cb="0"/>
            <line nr="53" mi="4" ci="0" mb="0" cb="0"/>
            <line nr="54" mi="3" ci="0" mb="0" cb="0"/>
            <line nr="55" mi="4" ci="0" mb="0" cb="0"/>
            <line nr="56" mi="3" ci="0" mb="0" cb="0"/>
            <line nr="57" mi="12" ci="0" mb="0" cb="0"/>
            <line nr="58" mi="4" ci="0" mb="0" cb="0"/>
            <line nr="60" mi="8" ci="0" mb="2" cb="0"/>
            <line nr="62" mi="4" ci="0" mb="0" cb="0"/>
            <line nr="63" mi="11" ci="0" mb="0" cb="0"/>
            <line nr="65" mi="4" ci="0" mb="2" cb="0"/>
            <line nr="67" mi="3" ci="0" mb="0" cb="0"/>
            <line nr="68" mi="7" ci="0" mb="2" cb="0"/>
            <line nr="69" mi="3" ci="0" mb="0" cb="0"/>
            <line nr="70" mi="3" ci="0" mb="0" cb="0"/>
            <line nr="71" mi="8" ci="0" mb="2" cb="0"/>
            <line nr="73" mi="16" ci="0" mb="0" cb="0"/>
            <line nr="82" mi="1" ci="0" mb="0" cb="0"/>
            <line nr="84" mi="2" ci="0" mb="0" cb="0"/>
            <line nr="86" mi="1" ci="0" mb="0" cb="0"/>
            <line nr="87" mi="1" ci="0" mb="0" cb="0"/>
            <counter type="INSTRUCTION" missed="132" covered="16"/>
            <counter type="BRANCH" missed="10" covered="2"/>
            <counter type="LINE" missed="28" covered="5"/>
            <counter type="COMPLEXITY" missed="9" covered="2"/>
            <counter type="METHOD" missed="3" covered="2"/>
            <counter type="CLASS" missed="0" covered="1"/>
        </sourcefile>
        <counter type="INSTRUCTION" missed="132" covered="16"/>
        <counter type="BRANCH" missed="10" covered="2"/>
        <counter type="LINE" missed="28" covered="5"/>
        <counter type="COMPLEXITY" missed="9" covered="2"/>
        <counter type="METHOD" missed="3" covered="2"/>
        <counter type="CLASS" missed="0" covered="1"/>
    </package>
    <counter type="INSTRUCTION" missed="983" covered="16"/>
    <counter type="BRANCH" missed="42" covered="2"/>
    <counter type="LINE" missed="192" covered="5"/>
    <counter type="COMPLEXITY" missed="48" covered="2"/>
    <counter type="METHOD" missed="26" covered="2"/>
    <counter type="CLASS" missed="7" covered="1"/>
</report>