GROUP,PACKAGE,CLASS,INSTRUCTION_MISSED,INSTRUCTION_COVERED,BRANCH_MISSED,BRANCH_COVERED,LINE_MISSED,LINE_COVERED,COMPLEXITY_MISSED,COMPLEXITY_COVERED,METHOD_MISSED,METHOD_COVERED
testing,my.upm.emma.testing,UploadController,661,0,26,0,119,0,21,0,8,0
testing,my.upm.emma.testing,StorageService,130,0,6,0,29,0,8,0,5,0
testing,my.upm.emma.testing,UploadController.new Runnable() {...},14,0,0,0,4,0,2,0,2,0
testing,my.upm.emma.testing,User,3,0,0,0,1,0,1,0,1,0
testing,my.upm.emma.testing,TestingApplication,15,0,0,0,6,0,3,0,3,0
testing,my.upm.emma.testing,Config,3,0,0,0,1,0,1,0,1,0
testing,my.upm.emma.testing,GetResult,25,0,0,0,5,0,3,0,3,0
testing,com.emma.upm,Circle,132,16,10,2,28,5,9,2,3,2
